<?xml version="1.0" encoding="UTF-8"?>
<testng-results ignored="0" total="1" passed="1" failed="0" skipped="0">
  <reporter-output>
  </reporter-output>
  <suite started-at="2024-01-16T23:18:38 IST" name="Default suite" finished-at="2024-01-16T23:19:08 IST" duration-ms="29550">
    <groups>
    </groups>
    <test started-at="2024-01-16T23:18:38 IST" name="Default test" finished-at="2024-01-16T23:19:08 IST" duration-ms="29550">
      <class name="com.qa.testCase.Amazon.TC_Login_001">
        <test-method is-config="true" signature="setup()[pri:0, instance:com.qa.testCase.Amazon.TC_Login_001@7161d8d1]" started-at="2024-01-16T23:18:38 IST" name="setup" finished-at="2024-01-16T23:18:41 IST" duration-ms="3040" status="PASS">
          <reporter-output>
          </reporter-output>
        </test-method> <!-- setup -->
        <test-method signature="loginTest()[pri:0, instance:com.qa.testCase.Amazon.TC_Login_001@7161d8d1]" started-at="2024-01-16T23:18:41 IST" name="loginTest" finished-at="2024-01-16T23:19:02 IST" duration-ms="20990" status="PASS">
          <reporter-output>
          </reporter-output>
        </test-method> <!-- loginTest -->
        <test-method is-config="true" signature="teardown()[pri:0, instance:com.qa.testCase.Amazon.TC_Login_001@7161d8d1]" started-at="2024-01-16T23:19:02 IST" name="teardown" finished-at="2024-01-16T23:19:08 IST" duration-ms="5470" status="PASS">
          <reporter-output>
          </reporter-output>
        </test-method> <!-- teardown -->
      </class> <!-- com.qa.testCase.Amazon.TC_Login_001 -->
    </test> <!-- Default test -->
  </suite> <!-- Default suite -->
</testng-results>
